<?xml version="1.0" encoding="UTF-8"?>
<!-- Generated by org.testng.reporters.JUnitReportReporter -->
<testsuite hostname="DESKTOP-0GVGS1M" failures="0" tests="1" name="com.TestCases.RegisterPageTest" time="13.159" errors="0" timestamp="16 Mar 2019 03:16:31 GMT" skipped="0">
  <testcase classname="com.TestCases.RegisterPageTest" name="CreateNewOrder" time="13.159"/>
</testsuite> <!-- com.TestCases.RegisterPageTest -->
